mode: set
github.com/Doridian/foxDNS/handler/dns.go:10.65,23.9 5 0
github.com/Doridian/foxDNS/handler/dns.go:23.9,26.3 2 0
github.com/Doridian/foxDNS/handler/dns.go:28.2,28.15 1 0
github.com/Doridian/foxDNS/handler/dns.go:28.15,31.3 2 0
github.com/Doridian/foxDNS/handler/dns.go:33.2,33.28 1 0
github.com/Doridian/foxDNS/handler/dns.go:33.28,36.3 2 0
github.com/Doridian/foxDNS/handler/dns.go:38.2,39.27 2 0
github.com/Doridian/foxDNS/handler/dns.go:39.27,41.3 1 0
github.com/Doridian/foxDNS/handler/dns.go:41.8,41.34 1 0
github.com/Doridian/foxDNS/handler/dns.go:41.34,44.3 2 0
github.com/Doridian/foxDNS/handler/dns.go:46.2,47.24 2 0
github.com/Doridian/foxDNS/handler/dns.go:47.24,50.3 2 0
github.com/Doridian/foxDNS/handler/dns.go:52.2,59.23 7 0
github.com/Doridian/foxDNS/handler/dns.go:59.23,61.3 1 0
github.com/Doridian/foxDNS/handler/dns.go:63.2,66.63 3 0
github.com/Doridian/foxDNS/handler/dns.go:66.63,68.3 1 0
github.com/Doridian/foxDNS/handler/dns.go:70.2,72.23 3 0
github.com/Doridian/foxDNS/handler/dns.go:72.23,73.41 1 0
github.com/Doridian/foxDNS/handler/dns.go:73.41,74.36 1 0
github.com/Doridian/foxDNS/handler/dns.go:74.36,75.13 1 0
github.com/Doridian/foxDNS/handler/dns.go:78.4,79.11 2 0
github.com/Doridian/foxDNS/handler/dns.go:79.11,80.13 1 0
github.com/Doridian/foxDNS/handler/dns.go:82.4,83.9 2 0
github.com/Doridian/foxDNS/handler/dns.go:87.2,87.23 1 0
github.com/Doridian/foxDNS/handler/dns.go:87.23,89.3 1 0
github.com/Doridian/foxDNS/handler/dns.go:91.2,92.78 2 0
github.com/Doridian/foxDNS/handler/handler.go:8.56,14.2 2 0
github.com/Doridian/foxDNS/handler/recursive.go:16.79,20.2 1 0
github.com/Doridian/foxDNS/handler/recursive.go:22.49,24.2 1 0
github.com/Doridian/foxDNS/handler/recursive.go:26.44,27.24 1 0
github.com/Doridian/foxDNS/handler/recursive.go:30.56,32.2 1 0
github.com/Doridian/foxDNS/handler/recursive.go:34.52,36.2 1 0
github.com/Doridian/foxDNS/handler/recursive.go:38.57,40.2 1 0
github.com/Doridian/foxDNS/handler/recursive.go:42.54,44.2 1 0
github.com/Doridian/foxDNS/handler/recursive.go:46.57,48.2 0 0
github.com/Doridian/foxDNS/handler/recursive.go:50.62,52.2 1 0
github.com/Doridian/foxDNS/handler/recursive.go:54.53,56.2 1 0
github.com/Doridian/foxDNS/handler/recursive.go:58.66,59.20 1 0
github.com/Doridian/foxDNS/handler/recursive.go:59.20,61.3 1 0
github.com/Doridian/foxDNS/handler/recursive.go:62.2,63.12 2 0
github.com/Doridian/foxDNS/handler/test_util.go:20.59,24.2 3 0
github.com/Doridian/foxDNS/handler/test_util.go:26.44,29.2 2 0
github.com/Doridian/foxDNS/handler/test_util.go:31.39,33.2 1 0
github.com/Doridian/foxDNS/handler/test_util.go:35.47,37.2 1 0
github.com/Doridian/foxDNS/handler/test_util.go:39.51,40.27 1 0
github.com/Doridian/foxDNS/handler/test_util.go:40.27,45.3 1 0
github.com/Doridian/foxDNS/handler/test_util.go:46.2,46.23 1 0
github.com/Doridian/foxDNS/handler/test_util.go:49.52,50.28 1 0
github.com/Doridian/foxDNS/handler/test_util.go:50.28,55.3 1 0
github.com/Doridian/foxDNS/handler/test_util.go:56.2,56.24 1 0
github.com/Doridian/foxDNS/handler/test_util.go:59.49,61.2 1 0
github.com/Doridian/foxDNS/handler/test_util.go:63.62,65.2 1 0
github.com/Doridian/foxDNS/handler/test_util.go:67.62,70.2 2 0
github.com/Doridian/foxDNS/handler/blackhole/adlist.go:52.116,54.34 2 0
github.com/Doridian/foxDNS/handler/blackhole/adlist.go:54.34,56.3 1 0
github.com/Doridian/foxDNS/handler/blackhole/adlist.go:57.2,58.34 2 0
github.com/Doridian/foxDNS/handler/blackhole/adlist.go:58.34,60.3 1 0
github.com/Doridian/foxDNS/handler/blackhole/adlist.go:62.2,69.3 1 0
github.com/Doridian/foxDNS/handler/blackhole/adlist.go:72.64,76.16 3 0
github.com/Doridian/foxDNS/handler/blackhole/adlist.go:76.16,78.3 1 0
github.com/Doridian/foxDNS/handler/blackhole/adlist.go:80.2,82.26 2 0
github.com/Doridian/foxDNS/handler/blackhole/adlist.go:83.18,84.44 1 0
github.com/Doridian/foxDNS/handler/blackhole/adlist.go:85.23,88.17 3 0
github.com/Doridian/foxDNS/handler/blackhole/adlist.go:88.17,90.4 1 0
github.com/Doridian/foxDNS/handler/blackhole/adlist.go:91.10,92.69 1 0
github.com/Doridian/foxDNS/handler/blackhole/adlist.go:94.2,94.16 1 0
github.com/Doridian/foxDNS/handler/blackhole/adlist.go:94.16,96.3 1 0
github.com/Doridian/foxDNS/handler/blackhole/adlist.go:97.2,97.15 1 0
github.com/Doridian/foxDNS/handler/blackhole/adlist.go:97.15,99.3 1 0
github.com/Doridian/foxDNS/handler/blackhole/adlist.go:101.2,102.16 2 0
github.com/Doridian/foxDNS/handler/blackhole/adlist.go:102.16,104.3 1 0
github.com/Doridian/foxDNS/handler/blackhole/adlist.go:106.2,110.52 4 0
github.com/Doridian/foxDNS/handler/blackhole/adlist.go:110.52,111.17 1 0
github.com/Doridian/foxDNS/handler/blackhole/adlist.go:111.17,112.12 1 0
github.com/Doridian/foxDNS/handler/blackhole/adlist.go:114.3,115.19 2 0
github.com/Doridian/foxDNS/handler/blackhole/adlist.go:115.19,116.12 1 0
github.com/Doridian/foxDNS/handler/blackhole/adlist.go:118.3,118.18 1 0
github.com/Doridian/foxDNS/handler/blackhole/adlist.go:118.18,120.4 1 0
github.com/Doridian/foxDNS/handler/blackhole/adlist.go:121.3,122.17 2 0
github.com/Doridian/foxDNS/handler/blackhole/adlist.go:122.17,123.12 1 0
github.com/Doridian/foxDNS/handler/blackhole/adlist.go:126.3,127.30 2 0
github.com/Doridian/foxDNS/handler/blackhole/adlist.go:127.30,129.18 2 0
github.com/Doridian/foxDNS/handler/blackhole/adlist.go:129.18,130.13 1 0
github.com/Doridian/foxDNS/handler/blackhole/adlist.go:132.4,132.32 1 0
github.com/Doridian/foxDNS/handler/blackhole/adlist.go:132.32,133.13 1 0
github.com/Doridian/foxDNS/handler/blackhole/adlist.go:136.4,137.36 2 0
github.com/Doridian/foxDNS/handler/blackhole/adlist.go:137.36,138.13 1 0
github.com/Doridian/foxDNS/handler/blackhole/adlist.go:140.4,140.25 1 0
github.com/Doridian/foxDNS/handler/blackhole/adlist.go:144.2,144.22 1 0
github.com/Doridian/foxDNS/handler/blackhole/adlist.go:147.54,149.9 2 0
github.com/Doridian/foxDNS/handler/blackhole/adlist.go:149.9,153.3 3 0
github.com/Doridian/foxDNS/handler/blackhole/adlist.go:154.2,154.12 1 0
github.com/Doridian/foxDNS/handler/blackhole/adlist.go:157.34,163.43 4 0
github.com/Doridian/foxDNS/handler/blackhole/adlist.go:163.43,165.17 2 0
github.com/Doridian/foxDNS/handler/blackhole/adlist.go:165.17,168.4 2 0
github.com/Doridian/foxDNS/handler/blackhole/adlist.go:168.9,170.4 1 0
github.com/Doridian/foxDNS/handler/blackhole/adlist.go:172.3,172.30 1 0
github.com/Doridian/foxDNS/handler/blackhole/adlist.go:172.30,173.43 1 0
github.com/Doridian/foxDNS/handler/blackhole/adlist.go:173.43,175.5 1 0
github.com/Doridian/foxDNS/handler/blackhole/adlist.go:175.10,177.5 1 0
github.com/Doridian/foxDNS/handler/blackhole/adlist.go:180.2,180.43 1 0
github.com/Doridian/foxDNS/handler/blackhole/adlist.go:180.43,182.17 2 0
github.com/Doridian/foxDNS/handler/blackhole/adlist.go:182.17,185.4 2 0
github.com/Doridian/foxDNS/handler/blackhole/adlist.go:185.9,187.4 1 0
github.com/Doridian/foxDNS/handler/blackhole/adlist.go:189.3,189.30 1 0
github.com/Doridian/foxDNS/handler/blackhole/adlist.go:189.30,191.4 1 0
github.com/Doridian/foxDNS/handler/blackhole/adlist.go:194.2,197.35 4 0
github.com/Doridian/foxDNS/handler/blackhole/adlist.go:197.35,198.42 1 0
github.com/Doridian/foxDNS/handler/blackhole/adlist.go:198.42,201.4 2 0
github.com/Doridian/foxDNS/handler/blackhole/adlist.go:203.2,203.42 1 0
github.com/Doridian/foxDNS/handler/blackhole/adlist.go:203.42,205.41 2 0
github.com/Doridian/foxDNS/handler/blackhole/adlist.go:205.41,208.4 2 0
github.com/Doridian/foxDNS/handler/blackhole/adlist.go:210.2,212.33 2 0
github.com/Doridian/foxDNS/handler/blackhole/adlist.go:212.33,213.26 1 0
github.com/Doridian/foxDNS/handler/blackhole/adlist.go:213.26,215.4 1 0
github.com/Doridian/foxDNS/handler/blackhole/adlist.go:218.2,226.12 2 0
github.com/Doridian/foxDNS/handler/blackhole/adlist.go:229.32,230.6 1 0
github.com/Doridian/foxDNS/handler/blackhole/adlist.go:230.6,231.10 1 0
github.com/Doridian/foxDNS/handler/blackhole/adlist.go:232.40,234.18 2 0
github.com/Doridian/foxDNS/handler/blackhole/adlist.go:234.18,236.5 1 0
github.com/Doridian/foxDNS/handler/blackhole/adlist.go:237.30,238.10 1 0
github.com/Doridian/foxDNS/handler/blackhole/adlist.go:243.32,247.2 3 0
github.com/Doridian/foxDNS/handler/blackhole/adlist.go:249.31,252.2 2 0
github.com/Doridian/foxDNS/handler/blackhole/adlist.go:254.35,256.2 1 0
github.com/Doridian/foxDNS/handler/blackhole/base.go:15.36,39.2 1 0
github.com/Doridian/foxDNS/handler/blackhole/base.go:41.137,43.2 1 0
github.com/Doridian/foxDNS/handler/blackhole/base.go:45.38,47.2 1 0
github.com/Doridian/foxDNS/handler/blackhole/base.go:49.37,51.2 1 0
github.com/Doridian/foxDNS/handler/blackhole/base.go:53.35,55.2 1 0
github.com/Doridian/foxDNS/handler/blackhole/base.go:57.34,59.2 1 0
github.com/Doridian/foxDNS/cmd/foxDNS/config.go:80.38,84.16 3 0
github.com/Doridian/foxDNS/cmd/foxDNS/config.go:84.16,85.13 1 0
github.com/Doridian/foxDNS/cmd/foxDNS/config.go:88.2,91.16 4 0
github.com/Doridian/foxDNS/cmd/foxDNS/config.go:91.16,92.13 1 0
github.com/Doridian/foxDNS/cmd/foxDNS/config.go:95.2,95.15 1 0
github.com/Doridian/foxDNS/cmd/foxDNS/main.go:24.21,25.30 1 0
github.com/Doridian/foxDNS/cmd/foxDNS/main.go:25.30,27.17 2 0
github.com/Doridian/foxDNS/cmd/foxDNS/main.go:27.17,29.4 1 0
github.com/Doridian/foxDNS/cmd/foxDNS/main.go:32.2,34.31 2 0
github.com/Doridian/foxDNS/cmd/foxDNS/main.go:34.31,36.3 1 0
github.com/Doridian/foxDNS/cmd/foxDNS/main.go:37.2,37.41 1 0
github.com/Doridian/foxDNS/cmd/foxDNS/main.go:37.41,39.3 1 0
github.com/Doridian/foxDNS/cmd/foxDNS/main.go:40.2,45.46 4 0
github.com/Doridian/foxDNS/cmd/foxDNS/main.go:45.46,47.45 2 0
github.com/Doridian/foxDNS/cmd/foxDNS/main.go:47.45,56.4 1 0
github.com/Doridian/foxDNS/cmd/foxDNS/main.go:58.3,63.33 4 0
github.com/Doridian/foxDNS/cmd/foxDNS/main.go:63.33,65.4 1 0
github.com/Doridian/foxDNS/cmd/foxDNS/main.go:67.3,67.30 1 0
github.com/Doridian/foxDNS/cmd/foxDNS/main.go:67.30,69.4 1 0
github.com/Doridian/foxDNS/cmd/foxDNS/main.go:71.3,71.31 1 0
github.com/Doridian/foxDNS/cmd/foxDNS/main.go:71.31,73.4 1 0
github.com/Doridian/foxDNS/cmd/foxDNS/main.go:75.3,75.31 1 0
github.com/Doridian/foxDNS/cmd/foxDNS/main.go:75.31,77.4 1 0
github.com/Doridian/foxDNS/cmd/foxDNS/main.go:79.3,79.34 1 0
github.com/Doridian/foxDNS/cmd/foxDNS/main.go:79.34,81.4 1 0
github.com/Doridian/foxDNS/cmd/foxDNS/main.go:83.3,83.34 1 0
github.com/Doridian/foxDNS/cmd/foxDNS/main.go:83.34,85.4 1 0
github.com/Doridian/foxDNS/cmd/foxDNS/main.go:87.3,87.38 1 0
github.com/Doridian/foxDNS/cmd/foxDNS/main.go:87.38,89.4 1 0
github.com/Doridian/foxDNS/cmd/foxDNS/main.go:91.3,91.47 1 0
github.com/Doridian/foxDNS/cmd/foxDNS/main.go:91.47,93.4 1 0
github.com/Doridian/foxDNS/cmd/foxDNS/main.go:95.3,95.44 1 0
github.com/Doridian/foxDNS/cmd/foxDNS/main.go:95.44,97.4 1 0
github.com/Doridian/foxDNS/cmd/foxDNS/main.go:99.3,99.34 1 0
github.com/Doridian/foxDNS/cmd/foxDNS/main.go:99.34,101.4 1 0
github.com/Doridian/foxDNS/cmd/foxDNS/main.go:103.3,103.34 1 0
github.com/Doridian/foxDNS/cmd/foxDNS/main.go:103.34,105.4 1 0
github.com/Doridian/foxDNS/cmd/foxDNS/main.go:107.3,107.47 1 0
github.com/Doridian/foxDNS/cmd/foxDNS/main.go:107.47,109.4 1 0
github.com/Doridian/foxDNS/cmd/foxDNS/main.go:111.3,111.50 1 0
github.com/Doridian/foxDNS/cmd/foxDNS/main.go:111.50,113.4 1 0
github.com/Doridian/foxDNS/cmd/foxDNS/main.go:115.3,115.42 1 0
github.com/Doridian/foxDNS/cmd/foxDNS/main.go:115.42,116.41 1 0
github.com/Doridian/foxDNS/cmd/foxDNS/main.go:117.23,118.56 1 0
github.com/Doridian/foxDNS/cmd/foxDNS/main.go:119.18,120.52 1 0
github.com/Doridian/foxDNS/cmd/foxDNS/main.go:121.20,122.54 1 0
github.com/Doridian/foxDNS/cmd/foxDNS/main.go:123.12,124.81 1 0
github.com/Doridian/foxDNS/cmd/foxDNS/main.go:128.3,130.41 3 0
github.com/Doridian/foxDNS/cmd/foxDNS/main.go:130.41,132.4 1 0
github.com/Doridian/foxDNS/cmd/foxDNS/main.go:134.3,134.64 1 0
github.com/Doridian/foxDNS/cmd/foxDNS/main.go:137.2,137.33 1 0
github.com/Doridian/foxDNS/cmd/foxDNS/main.go:137.33,138.47 1 0
github.com/Doridian/foxDNS/cmd/foxDNS/main.go:138.47,141.40 2 0
github.com/Doridian/foxDNS/cmd/foxDNS/main.go:141.40,143.19 2 0
github.com/Doridian/foxDNS/cmd/foxDNS/main.go:143.19,145.6 1 0
github.com/Doridian/foxDNS/cmd/foxDNS/main.go:148.4,148.42 1 0
github.com/Doridian/foxDNS/cmd/foxDNS/main.go:148.42,149.57 1 0
github.com/Doridian/foxDNS/cmd/foxDNS/main.go:149.57,152.27 2 0
github.com/Doridian/foxDNS/cmd/foxDNS/main.go:152.27,154.7 1 0
github.com/Doridian/foxDNS/cmd/foxDNS/main.go:156.6,157.35 2 0
github.com/Doridian/foxDNS/cmd/foxDNS/main.go:157.35,159.7 1 0
github.com/Doridian/foxDNS/cmd/foxDNS/main.go:160.6,161.20 2 0
github.com/Doridian/foxDNS/cmd/foxDNS/main.go:161.20,163.7 1 0
github.com/Doridian/foxDNS/cmd/foxDNS/main.go:165.6,166.32 2 0
github.com/Doridian/foxDNS/cmd/foxDNS/main.go:166.32,168.7 1 0
github.com/Doridian/foxDNS/cmd/foxDNS/main.go:169.6,170.20 2 0
github.com/Doridian/foxDNS/cmd/foxDNS/main.go:170.20,172.7 1 0
github.com/Doridian/foxDNS/cmd/foxDNS/main.go:174.6,176.43 2 0
github.com/Doridian/foxDNS/cmd/foxDNS/main.go:176.43,178.21 2 0
github.com/Doridian/foxDNS/cmd/foxDNS/main.go:178.21,180.8 1 0
github.com/Doridian/foxDNS/cmd/foxDNS/main.go:183.6,183.45 1 0
github.com/Doridian/foxDNS/cmd/foxDNS/main.go:186.5,186.107 1 0
github.com/Doridian/foxDNS/cmd/foxDNS/main.go:189.4,190.54 2 0
github.com/Doridian/foxDNS/cmd/foxDNS/main.go:193.3,193.75 1 0
github.com/Doridian/foxDNS/cmd/foxDNS/main.go:196.2,196.40 1 0
github.com/Doridian/foxDNS/cmd/foxDNS/main.go:196.40,199.3 2 0
github.com/Doridian/foxDNS/cmd/foxDNS/main.go:201.2,203.30 2 0
github.com/Doridian/foxDNS/cmd/foxDNS/main.go:203.30,205.17 2 0
github.com/Doridian/foxDNS/cmd/foxDNS/main.go:205.17,207.4 1 0
github.com/Doridian/foxDNS/cmd/foxDNS/main.go:211.13,213.22 2 0
github.com/Doridian/foxDNS/cmd/foxDNS/main.go:213.22,215.3 1 0
github.com/Doridian/foxDNS/cmd/foxDNS/main.go:217.2,221.42 3 0
github.com/Doridian/foxDNS/cmd/foxDNS/main.go:221.42,223.13 2 0
github.com/Doridian/foxDNS/cmd/foxDNS/main.go:223.13,225.18 2 0
github.com/Doridian/foxDNS/cmd/foxDNS/main.go:225.18,227.5 1 0
github.com/Doridian/foxDNS/cmd/foxDNS/main.go:231.2,234.13 4 0
github.com/Doridian/foxDNS/cmd/foxDNS/signals.go:12.40,16.2 3 0
github.com/Doridian/foxDNS/cmd/foxDNS/signals.go:18.37,24.2 5 0
github.com/Doridian/foxDNS/cmd/foxDNS/signals.go:26.21,29.6 3 0
github.com/Doridian/foxDNS/cmd/foxDNS/signals.go:29.6,33.3 3 0
github.com/Doridian/foxDNS/cmd/foxDNS/signals_darwin.go:10.22,13.6 3 0
github.com/Doridian/foxDNS/cmd/foxDNS/signals_darwin.go:13.6,16.29 3 0
github.com/Doridian/foxDNS/cmd/foxDNS/signals_darwin.go:16.29,18.18 2 0
github.com/Doridian/foxDNS/cmd/foxDNS/signals_darwin.go:18.18,20.5 1 0
github.com/Doridian/foxDNS/handler/localizer/base.go:53.38,66.2 1 1
github.com/Doridian/foxDNS/handler/localizer/base.go:68.72,69.29 1 0
github.com/Doridian/foxDNS/handler/localizer/base.go:69.29,71.39 2 0
github.com/Doridian/foxDNS/handler/localizer/base.go:71.39,73.4 1 0
github.com/Doridian/foxDNS/handler/localizer/base.go:74.3,75.38 2 0
github.com/Doridian/foxDNS/handler/localizer/base.go:75.38,77.4 1 0
github.com/Doridian/foxDNS/handler/localizer/base.go:78.3,81.5 1 0
github.com/Doridian/foxDNS/handler/localizer/base.go:83.2,83.12 1 0
github.com/Doridian/foxDNS/handler/localizer/base.go:86.83,87.35 1 1
github.com/Doridian/foxDNS/handler/localizer/base.go:87.35,89.17 2 1
github.com/Doridian/foxDNS/handler/localizer/base.go:89.17,91.4 1 0
github.com/Doridian/foxDNS/handler/localizer/base.go:92.3,94.17 3 1
github.com/Doridian/foxDNS/handler/localizer/base.go:94.17,96.4 1 1
github.com/Doridian/foxDNS/handler/localizer/base.go:97.3,98.17 2 1
github.com/Doridian/foxDNS/handler/localizer/base.go:98.17,100.4 1 0
github.com/Doridian/foxDNS/handler/localizer/base.go:101.3,103.15 3 1
github.com/Doridian/foxDNS/handler/localizer/base.go:103.15,105.4 1 1
github.com/Doridian/foxDNS/handler/localizer/base.go:107.3,107.29 1 1
github.com/Doridian/foxDNS/handler/localizer/base.go:107.29,109.4 1 0
github.com/Doridian/foxDNS/handler/localizer/base.go:111.3,118.17 2 1
github.com/Doridian/foxDNS/handler/localizer/base.go:118.17,120.4 1 1
github.com/Doridian/foxDNS/handler/localizer/base.go:120.9,122.4 1 1
github.com/Doridian/foxDNS/handler/localizer/base.go:125.2,125.12 1 1
github.com/Doridian/foxDNS/handler/localizer/base.go:128.86,132.16 3 1
github.com/Doridian/foxDNS/handler/localizer/base.go:132.16,134.3 1 0
github.com/Doridian/foxDNS/handler/localizer/base.go:136.2,137.17 2 1
github.com/Doridian/foxDNS/handler/localizer/base.go:137.17,139.3 1 1
github.com/Doridian/foxDNS/handler/localizer/base.go:141.2,147.17 3 1
github.com/Doridian/foxDNS/handler/localizer/base.go:148.19,149.22 1 1
github.com/Doridian/foxDNS/handler/localizer/base.go:150.19,151.25 1 1
github.com/Doridian/foxDNS/handler/localizer/base.go:154.2,155.19 2 1
github.com/Doridian/foxDNS/handler/localizer/base.go:155.19,157.3 1 1
github.com/Doridian/foxDNS/handler/localizer/base.go:158.2,163.12 4 1
github.com/Doridian/foxDNS/handler/localizer/base.go:166.34,170.2 1 1
github.com/Doridian/foxDNS/handler/localizer/base.go:172.34,176.2 1 1
github.com/Doridian/foxDNS/handler/localizer/base.go:178.161,180.27 2 1
github.com/Doridian/foxDNS/handler/localizer/base.go:180.27,182.3 1 0
github.com/Doridian/foxDNS/handler/localizer/base.go:184.2,188.17 4 1
github.com/Doridian/foxDNS/handler/localizer/base.go:189.17,192.26 3 1
github.com/Doridian/foxDNS/handler/localizer/base.go:193.20,196.26 3 1
github.com/Doridian/foxDNS/handler/localizer/base.go:199.2,199.20 1 1
github.com/Doridian/foxDNS/handler/localizer/base.go:199.20,201.3 1 0
github.com/Doridian/foxDNS/handler/localizer/base.go:203.2,204.19 2 1
github.com/Doridian/foxDNS/handler/localizer/base.go:204.19,206.3 1 0
github.com/Doridian/foxDNS/handler/localizer/base.go:208.2,210.21 2 1
github.com/Doridian/foxDNS/handler/localizer/base.go:210.21,212.3 1 0
github.com/Doridian/foxDNS/handler/localizer/base.go:214.2,217.18 4 1
github.com/Doridian/foxDNS/handler/localizer/base.go:217.18,220.3 2 1
github.com/Doridian/foxDNS/handler/localizer/base.go:222.2,222.35 1 1
github.com/Doridian/foxDNS/handler/localizer/base.go:222.35,223.44 1 1
github.com/Doridian/foxDNS/handler/localizer/base.go:223.44,225.9 2 1
github.com/Doridian/foxDNS/handler/localizer/base.go:229.2,230.19 2 1
github.com/Doridian/foxDNS/handler/localizer/base.go:230.19,232.17 2 1
github.com/Doridian/foxDNS/handler/localizer/base.go:232.17,234.4 1 1
github.com/Doridian/foxDNS/handler/localizer/base.go:236.3,236.39 1 1
github.com/Doridian/foxDNS/handler/localizer/base.go:236.39,238.20 2 0
github.com/Doridian/foxDNS/handler/localizer/base.go:238.20,240.5 1 0
github.com/Doridian/foxDNS/handler/localizer/base.go:242.4,242.37 1 0
github.com/Doridian/foxDNS/handler/localizer/base.go:242.37,244.19 2 0
github.com/Doridian/foxDNS/handler/localizer/base.go:244.19,246.6 1 0
github.com/Doridian/foxDNS/handler/localizer/base.go:248.5,250.10 3 0
github.com/Doridian/foxDNS/handler/localizer/base.go:254.3,254.20 1 1
github.com/Doridian/foxDNS/handler/localizer/base.go:254.20,256.4 1 1
github.com/Doridian/foxDNS/handler/localizer/base.go:259.2,260.27 2 1
github.com/Doridian/foxDNS/handler/localizer/base.go:260.27,262.19 2 1
github.com/Doridian/foxDNS/handler/localizer/base.go:262.19,263.12 1 0
github.com/Doridian/foxDNS/handler/localizer/base.go:266.3,268.32 3 1
github.com/Doridian/foxDNS/handler/localizer/base.go:270.2,270.45 1 1
github.com/Doridian/foxDNS/handler/localizer/base.go:273.52,275.2 1 0
github.com/Doridian/foxDNS/handler/localizer/base.go:277.50,279.2 1 0
github.com/Doridian/foxDNS/handler/localizer/base.go:281.49,283.2 1 0
github.com/Doridian/foxDNS/handler/localizer/base.go:285.53,287.2 1 0
github.com/Doridian/foxDNS/handler/localizer/util.go:11.73,14.24 3 1
github.com/Doridian/foxDNS/handler/localizer/util.go:14.24,16.3 1 0
github.com/Doridian/foxDNS/handler/localizer/util.go:18.2,19.25 2 1
github.com/Doridian/foxDNS/handler/localizer/util.go:19.25,21.3 1 1
github.com/Doridian/foxDNS/handler/localizer/util.go:23.2,23.12 1 1
github.com/Doridian/foxDNS/server/base.go:26.62,32.2 1 0
github.com/Doridian/foxDNS/server/base.go:34.64,39.2 4 0
github.com/Doridian/foxDNS/server/base.go:41.50,45.2 3 0
github.com/Doridian/foxDNS/server/base.go:47.30,50.2 2 0
github.com/Doridian/foxDNS/server/base.go:52.26,55.34 2 0
github.com/Doridian/foxDNS/server/base.go:55.34,63.3 6 0
github.com/Doridian/foxDNS/server/base.go:65.2,66.22 2 0
github.com/Doridian/foxDNS/server/base.go:66.22,68.3 1 0
github.com/Doridian/foxDNS/server/base.go:69.2,73.20 3 0
github.com/Doridian/foxDNS/server/base.go:78.55,79.24 1 0
github.com/Doridian/foxDNS/server/base.go:79.24,81.3 1 0
github.com/Doridian/foxDNS/server/base.go:83.2,84.31 2 0
github.com/Doridian/foxDNS/server/base.go:84.31,86.3 1 0
github.com/Doridian/foxDNS/server/base.go:88.2,88.75 1 0
github.com/Doridian/foxDNS/server/base.go:88.75,90.3 1 0
github.com/Doridian/foxDNS/server/base.go:92.2,92.22 1 0
github.com/Doridian/foxDNS/server/base.go:95.49,100.25 4 0
github.com/Doridian/foxDNS/server/base.go:100.25,103.18 3 0
github.com/Doridian/foxDNS/server/base.go:103.18,105.4 1 0
github.com/Doridian/foxDNS/server/base.go:106.3,107.20 2 0
github.com/Doridian/foxDNS/server/base.go:109.2,120.29 3 0
github.com/Doridian/foxDNS/server/base.go:120.29,125.4 4 0
github.com/Doridian/foxDNS/server/base.go:127.2,130.15 3 0
github.com/Doridian/foxDNS/server/base.go:130.15,134.3 3 0
github.com/Doridian/foxDNS/server/base.go:136.2,137.16 2 0
github.com/Doridian/foxDNS/server/base.go:137.16,139.3 1 0
github.com/Doridian/foxDNS/server/base.go:142.29,144.35 2 0
github.com/Doridian/foxDNS/server/base.go:144.35,146.3 1 0
github.com/Doridian/foxDNS/server/base.go:147.2,148.23 2 0
github.com/Doridian/foxDNS/server/privs_darwin.go:12.18,18.13 4 0
github.com/Doridian/foxDNS/server/privs_darwin.go:18.13,20.17 2 0
github.com/Doridian/foxDNS/server/privs_darwin.go:20.17,22.4 1 0
github.com/Doridian/foxDNS/server/privs_darwin.go:25.2,25.13 1 0
github.com/Doridian/foxDNS/server/privs_darwin.go:25.13,27.17 2 0
github.com/Doridian/foxDNS/server/privs_darwin.go:27.17,29.4 1 0
github.com/Doridian/foxDNS/server/privs_darwin.go:32.2,32.83 1 0
github.com/Doridian/foxDNS/util/cookie.go:26.13,29.12 2 0
github.com/Doridian/foxDNS/util/cookie.go:29.12,30.7 1 0
github.com/Doridian/foxDNS/util/cookie.go:30.7,33.4 2 0
github.com/Doridian/foxDNS/util/cookie.go:37.27,41.16 4 0
github.com/Doridian/foxDNS/util/cookie.go:41.16,42.13 1 0
github.com/Doridian/foxDNS/util/cookie.go:46.44,47.14 1 0
github.com/Doridian/foxDNS/util/cookie.go:47.14,49.3 1 0
github.com/Doridian/foxDNS/util/cookie.go:50.2,50.28 1 0
github.com/Doridian/foxDNS/util/cookie.go:53.68,56.25 3 0
github.com/Doridian/foxDNS/util/cookie.go:56.25,58.3 1 0
github.com/Doridian/foxDNS/util/cookie.go:60.2,61.25 2 0
github.com/Doridian/foxDNS/util/cookie.go:61.25,63.3 1 0
github.com/Doridian/foxDNS/util/cookie.go:64.2,64.44 1 0
github.com/Doridian/foxDNS/util/cookie.go:67.64,69.2 1 0
github.com/Doridian/foxDNS/util/cookie.go:71.86,75.2 3 0
github.com/Doridian/foxDNS/util/cookie.go:77.45,78.56 1 0
github.com/Doridian/foxDNS/util/cookie.go:78.56,80.3 1 0
github.com/Doridian/foxDNS/util/cookie.go:81.2,81.46 1 0
github.com/Doridian/foxDNS/util/depth.go:11.67,13.18 2 0
github.com/Doridian/foxDNS/util/depth.go:13.18,15.3 1 0
github.com/Doridian/foxDNS/util/depth.go:17.2,17.35 1 0
github.com/Doridian/foxDNS/util/depth.go:17.35,18.27 1 0
github.com/Doridian/foxDNS/util/depth.go:18.27,20.10 2 0
github.com/Doridian/foxDNS/util/depth.go:20.10,22.5 1 0
github.com/Doridian/foxDNS/util/depth.go:26.2,26.12 1 0
github.com/Doridian/foxDNS/util/edns0.go:9.89,10.19 1 0
github.com/Doridian/foxDNS/util/edns0.go:10.19,12.3 1 0
github.com/Doridian/foxDNS/util/edns0.go:14.2,26.20 5 0
github.com/Doridian/foxDNS/util/edns0.go:26.20,31.21 4 0
github.com/Doridian/foxDNS/util/edns0.go:31.21,33.4 1 0
github.com/Doridian/foxDNS/util/edns0.go:36.2,36.14 1 0
github.com/Doridian/foxDNS/util/edns0.go:47.42,49.2 1 0
github.com/Doridian/foxDNS/util/edns0.go:51.99,53.23 2 0
github.com/Doridian/foxDNS/util/edns0.go:53.23,54.24 1 0
github.com/Doridian/foxDNS/util/edns0.go:54.24,57.4 1 0
github.com/Doridian/foxDNS/util/edns0.go:58.3,58.13 1 0
github.com/Doridian/foxDNS/util/edns0.go:61.2,64.40 3 0
github.com/Doridian/foxDNS/util/edns0.go:64.40,65.39 1 0
github.com/Doridian/foxDNS/util/edns0.go:65.39,66.12 1 0
github.com/Doridian/foxDNS/util/edns0.go:68.3,69.8 2 0
github.com/Doridian/foxDNS/util/edns0.go:72.2,73.46 2 0
github.com/Doridian/foxDNS/util/edns0.go:73.46,75.3 1 0
github.com/Doridian/foxDNS/util/edns0.go:76.2,76.61 1 0
github.com/Doridian/foxDNS/util/edns0.go:79.95,83.36 3 0
github.com/Doridian/foxDNS/util/edns0.go:83.36,85.3 1 0
github.com/Doridian/foxDNS/util/edns0.go:87.2,87.23 1 0
github.com/Doridian/foxDNS/util/edns0.go:87.23,88.22 1 0
github.com/Doridian/foxDNS/util/edns0.go:88.22,91.4 2 0
github.com/Doridian/foxDNS/util/edns0.go:92.3,92.19 1 0
github.com/Doridian/foxDNS/util/edns0.go:95.2,95.31 1 0
github.com/Doridian/foxDNS/util/edns0.go:95.31,99.3 3 0
github.com/Doridian/foxDNS/util/edns0.go:101.2,106.40 4 0
github.com/Doridian/foxDNS/util/edns0.go:106.40,107.38 1 0
github.com/Doridian/foxDNS/util/edns0.go:107.38,108.12 1 0
github.com/Doridian/foxDNS/util/edns0.go:111.3,112.10 2 0
github.com/Doridian/foxDNS/util/edns0.go:112.10,113.12 1 0
github.com/Doridian/foxDNS/util/edns0.go:116.3,117.40 2 0
github.com/Doridian/foxDNS/util/edns0.go:117.40,118.12 1 0
github.com/Doridian/foxDNS/util/edns0.go:121.3,121.45 1 0
github.com/Doridian/foxDNS/util/edns0.go:121.45,122.12 1 0
github.com/Doridian/foxDNS/util/edns0.go:125.3,128.65 3 0
github.com/Doridian/foxDNS/util/edns0.go:128.65,132.20 3 0
github.com/Doridian/foxDNS/util/edns0.go:132.20,135.5 2 0
github.com/Doridian/foxDNS/util/edns0.go:138.3,143.8 3 0
github.com/Doridian/foxDNS/util/edns0.go:146.2,146.37 1 0
github.com/Doridian/foxDNS/util/edns0.go:146.37,147.18 1 0
github.com/Doridian/foxDNS/util/edns0.go:147.18,149.4 1 0
github.com/Doridian/foxDNS/util/edns0.go:149.9,151.4 1 0
github.com/Doridian/foxDNS/util/edns0.go:152.3,153.23 2 0
github.com/Doridian/foxDNS/util/edns0.go:156.2,156.21 1 0
github.com/Doridian/foxDNS/util/funcs.go:17.38,18.33 1 0
github.com/Doridian/foxDNS/util/funcs.go:19.20,20.21 1 0
github.com/Doridian/foxDNS/util/funcs.go:21.20,22.21 1 0
github.com/Doridian/foxDNS/util/funcs.go:23.19,24.21 1 0
github.com/Doridian/foxDNS/util/funcs.go:25.10,26.30 1 0
github.com/Doridian/foxDNS/util/funcs.go:30.41,32.2 1 0
github.com/Doridian/foxDNS/util/funcs.go:34.74,42.2 7 0
github.com/Doridian/foxDNS/util/funcs.go:44.39,46.2 1 0
github.com/Doridian/foxDNS/util/funcs.go:48.40,50.2 1 0
github.com/Doridian/foxDNS/handler/static/base.go:43.81,54.2 3 1
github.com/Doridian/foxDNS/handler/static/base.go:56.108,60.2 3 0
github.com/Doridian/foxDNS/handler/static/base.go:62.118,66.2 3 0
github.com/Doridian/foxDNS/handler/static/base.go:68.108,70.16 2 0
github.com/Doridian/foxDNS/handler/static/base.go:70.16,72.3 1 0
github.com/Doridian/foxDNS/handler/static/base.go:74.2,81.22 2 0
github.com/Doridian/foxDNS/handler/static/base.go:81.22,83.17 2 0
github.com/Doridian/foxDNS/handler/static/base.go:83.17,85.4 1 0
github.com/Doridian/foxDNS/handler/static/base.go:88.2,88.65 1 0
github.com/Doridian/foxDNS/handler/static/base.go:91.124,98.6 5 0
github.com/Doridian/foxDNS/handler/static/base.go:98.6,100.23 2 0
github.com/Doridian/foxDNS/handler/static/base.go:100.23,103.4 2 0
github.com/Doridian/foxDNS/handler/static/base.go:104.3,104.18 1 0
github.com/Doridian/foxDNS/handler/static/base.go:108.75,112.2 3 0
github.com/Doridian/foxDNS/handler/static/base.go:114.42,118.2 3 1
github.com/Doridian/foxDNS/handler/static/base.go:120.42,122.32 2 1
github.com/Doridian/foxDNS/handler/static/base.go:122.32,124.3 1 0
github.com/Doridian/foxDNS/handler/static/base.go:126.2,129.21 3 1
github.com/Doridian/foxDNS/handler/static/base.go:129.21,132.3 2 1
github.com/Doridian/foxDNS/handler/static/base.go:134.2,135.21 2 1
github.com/Doridian/foxDNS/handler/static/base.go:135.21,137.3 1 1
github.com/Doridian/foxDNS/handler/static/base.go:138.2,138.58 1 1
github.com/Doridian/foxDNS/handler/static/base.go:141.126,142.72 1 1
github.com/Doridian/foxDNS/handler/static/base.go:142.72,146.22 3 1
github.com/Doridian/foxDNS/handler/static/base.go:146.22,147.12 1 1
github.com/Doridian/foxDNS/handler/static/base.go:150.3,151.25 2 1
github.com/Doridian/foxDNS/handler/static/base.go:151.25,153.4 1 0
github.com/Doridian/foxDNS/handler/static/base.go:155.3,156.25 2 1
github.com/Doridian/foxDNS/handler/static/base.go:156.25,158.4 1 0
github.com/Doridian/foxDNS/handler/static/base.go:161.2,161.42 1 1
github.com/Doridian/foxDNS/handler/static/base.go:164.157,167.13 2 1
github.com/Doridian/foxDNS/handler/static/base.go:167.13,169.3 1 1
github.com/Doridian/foxDNS/handler/static/base.go:171.2,171.12 1 1
github.com/Doridian/foxDNS/handler/static/base.go:171.12,173.17 2 1
github.com/Doridian/foxDNS/handler/static/base.go:173.17,175.4 1 0
github.com/Doridian/foxDNS/handler/static/base.go:175.9,175.27 1 1
github.com/Doridian/foxDNS/handler/static/base.go:175.27,177.4 1 0
github.com/Doridian/foxDNS/handler/static/base.go:180.2,180.46 1 1
github.com/Doridian/foxDNS/handler/static/base.go:183.162,190.24 5 1
github.com/Doridian/foxDNS/handler/static/base.go:190.24,193.3 2 0
github.com/Doridian/foxDNS/handler/static/base.go:195.2,196.24 2 1
github.com/Doridian/foxDNS/handler/static/base.go:196.24,198.3 1 1
github.com/Doridian/foxDNS/handler/static/base.go:200.2,201.24 2 1
github.com/Doridian/foxDNS/handler/static/base.go:201.24,203.3 1 1
github.com/Doridian/foxDNS/handler/static/base.go:205.2,205.30 1 1
github.com/Doridian/foxDNS/handler/static/base.go:205.30,207.3 1 0
github.com/Doridian/foxDNS/handler/static/base.go:209.2,210.25 2 1
github.com/Doridian/foxDNS/handler/static/base.go:210.25,212.3 1 1
github.com/Doridian/foxDNS/handler/static/base.go:214.2,224.30 3 1
github.com/Doridian/foxDNS/handler/static/base.go:224.30,226.3 1 1
github.com/Doridian/foxDNS/handler/static/base.go:228.2,228.50 1 1
github.com/Doridian/foxDNS/handler/static/base.go:231.34,235.2 3 0
github.com/Doridian/foxDNS/handler/static/base.go:237.37,244.31 5 0
github.com/Doridian/foxDNS/handler/static/base.go:244.31,246.17 2 0
github.com/Doridian/foxDNS/handler/static/base.go:246.17,248.4 1 0
github.com/Doridian/foxDNS/handler/static/base.go:251.2,251.12 1 0
github.com/Doridian/foxDNS/handler/static/base.go:254.35,257.23 2 0
github.com/Doridian/foxDNS/handler/static/base.go:257.23,259.3 1 0
github.com/Doridian/foxDNS/handler/static/base.go:261.2,263.16 3 0
github.com/Doridian/foxDNS/handler/static/base.go:263.16,265.3 1 0
github.com/Doridian/foxDNS/handler/static/base.go:266.2,268.12 2 0
github.com/Doridian/foxDNS/handler/static/base.go:268.12,269.7 1 0
github.com/Doridian/foxDNS/handler/static/base.go:269.7,270.11 1 0
github.com/Doridian/foxDNS/handler/static/base.go:271.39,272.12 1 0
github.com/Doridian/foxDNS/handler/static/base.go:272.12,274.6 1 0
github.com/Doridian/foxDNS/handler/static/base.go:275.5,275.34 1 0
github.com/Doridian/foxDNS/handler/static/base.go:275.34,278.20 3 0
github.com/Doridian/foxDNS/handler/static/base.go:278.20,280.7 1 0
github.com/Doridian/foxDNS/handler/static/base.go:282.37,283.12 1 0
github.com/Doridian/foxDNS/handler/static/base.go:283.12,285.6 1 0
github.com/Doridian/foxDNS/handler/static/base.go:286.5,286.42 1 0
github.com/Doridian/foxDNS/handler/static/base.go:291.2,291.31 1 0
github.com/Doridian/foxDNS/handler/static/base.go:291.31,293.17 2 0
github.com/Doridian/foxDNS/handler/static/base.go:293.17,295.4 1 0
github.com/Doridian/foxDNS/handler/static/base.go:298.2,298.12 1 0
github.com/Doridian/foxDNS/handler/static/base.go:301.34,305.16 3 0
github.com/Doridian/foxDNS/handler/static/base.go:305.16,307.3 1 0
github.com/Doridian/foxDNS/handler/static/base.go:308.2,309.12 2 0
github.com/Doridian/foxDNS/handler/static/base.go:312.38,314.2 1 0
github.com/Doridian/foxDNS/handler/static/cnames.go:9.118,10.18 1 1
github.com/Doridian/foxDNS/handler/static/cnames.go:10.18,12.3 1 1
github.com/Doridian/foxDNS/handler/static/cnames.go:14.2,16.75 2 0
github.com/Doridian/foxDNS/handler/static/cnames.go:16.75,18.3 1 0
github.com/Doridian/foxDNS/handler/static/cnames.go:20.2,21.9 2 0
github.com/Doridian/foxDNS/handler/static/cnames.go:21.9,23.3 1 0
github.com/Doridian/foxDNS/handler/static/cnames.go:25.2,31.33 2 0
github.com/Doridian/foxDNS/handler/static/cnames.go:31.33,32.87 1 0
github.com/Doridian/foxDNS/handler/static/cnames.go:32.87,34.4 1 0
github.com/Doridian/foxDNS/handler/static/cnames.go:37.2,53.59 7 0
github.com/Doridian/foxDNS/handler/static/cnames.go:53.59,55.3 1 0
github.com/Doridian/foxDNS/handler/static/cnames.go:57.2,57.13 1 0
github.com/Doridian/foxDNS/handler/static/dnssec.go:12.84,15.31 3 1
github.com/Doridian/foxDNS/handler/static/dnssec.go:15.31,18.3 2 0
github.com/Doridian/foxDNS/handler/static/dnssec.go:20.2,20.37 1 1
github.com/Doridian/foxDNS/handler/static/dnssec.go:20.37,22.3 1 1
github.com/Doridian/foxDNS/handler/static/dnssec.go:24.2,24.22 1 0
github.com/Doridian/foxDNS/handler/static/dnssec.go:24.22,27.3 1 0
github.com/Doridian/foxDNS/handler/static/dnssec.go:29.2,31.28 2 0
github.com/Doridian/foxDNS/handler/static/dnssec.go:31.28,35.95 4 0
github.com/Doridian/foxDNS/handler/static/dnssec.go:35.95,37.4 1 0
github.com/Doridian/foxDNS/handler/static/dnssec.go:38.3,38.33 1 0
github.com/Doridian/foxDNS/handler/static/dnssec.go:41.2,54.42 13 0
github.com/Doridian/foxDNS/handler/static/dnssec.go:54.42,56.3 1 0
github.com/Doridian/foxDNS/handler/static/dnssec.go:57.2,57.20 1 0
github.com/Doridian/foxDNS/handler/static/dnssec_config.go:19.54,20.19 1 1
github.com/Doridian/foxDNS/handler/static/dnssec_config.go:20.19,22.3 1 1
github.com/Doridian/foxDNS/handler/static/dnssec_config.go:24.2,28.32 4 0
github.com/Doridian/foxDNS/handler/static/dnssec_config.go:28.32,31.17 2 0
github.com/Doridian/foxDNS/handler/static/dnssec_config.go:31.17,32.14 1 0
github.com/Doridian/foxDNS/handler/static/dnssec_config.go:34.3,36.17 3 0
github.com/Doridian/foxDNS/handler/static/dnssec_config.go:36.17,37.14 1 0
github.com/Doridian/foxDNS/handler/static/dnssec_config.go:40.3,43.17 3 0
github.com/Doridian/foxDNS/handler/static/dnssec_config.go:43.17,44.14 1 0
github.com/Doridian/foxDNS/handler/static/dnssec_config.go:46.3,48.17 3 0
github.com/Doridian/foxDNS/handler/static/dnssec_config.go:48.17,49.14 1 0
github.com/Doridian/foxDNS/handler/static/dnssec_config.go:53.3,54.17 2 0
github.com/Doridian/foxDNS/handler/static/dnssec_config.go:54.17,55.14 1 0
github.com/Doridian/foxDNS/handler/static/dnssec_config.go:57.3,59.17 3 0
github.com/Doridian/foxDNS/handler/static/dnssec_config.go:59.17,60.14 1 0
github.com/Doridian/foxDNS/handler/static/dnssec_config.go:63.3,66.17 3 0
github.com/Doridian/foxDNS/handler/static/dnssec_config.go:66.17,67.14 1 0
github.com/Doridian/foxDNS/handler/static/dnssec_config.go:69.3,71.17 3 0
github.com/Doridian/foxDNS/handler/static/dnssec_config.go:71.17,72.14 1 0
github.com/Doridian/foxDNS/handler/resolver/base.go:71.46,102.34 3 1
github.com/Doridian/foxDNS/handler/resolver/base.go:102.34,113.34 5 1
github.com/Doridian/foxDNS/handler/resolver/base.go:113.34,115.4 1 1
github.com/Doridian/foxDNS/handler/resolver/base.go:117.3,117.29 1 1
github.com/Doridian/foxDNS/handler/resolver/base.go:117.29,119.4 1 0
github.com/Doridian/foxDNS/handler/resolver/base.go:121.3,121.27 1 1
github.com/Doridian/foxDNS/handler/resolver/base.go:121.27,125.4 1 0
github.com/Doridian/foxDNS/handler/resolver/base.go:128.2,128.12 1 1
github.com/Doridian/foxDNS/handler/resolver/base.go:131.37,133.2 1 0
github.com/Doridian/foxDNS/handler/resolver/base.go:135.35,137.16 2 1
github.com/Doridian/foxDNS/handler/resolver/base.go:137.16,139.3 1 0
github.com/Doridian/foxDNS/handler/resolver/base.go:141.2,143.12 3 1
github.com/Doridian/foxDNS/handler/resolver/base.go:143.12,144.7 1 1
github.com/Doridian/foxDNS/handler/resolver/base.go:144.7,146.11 2 1
github.com/Doridian/foxDNS/handler/resolver/base.go:146.11,148.5 1 0
github.com/Doridian/foxDNS/handler/resolver/base.go:149.4,149.20 1 0
github.com/Doridian/foxDNS/handler/resolver/base.go:153.2,155.12 3 1
github.com/Doridian/foxDNS/handler/resolver/base.go:155.12,156.7 1 1
github.com/Doridian/foxDNS/handler/resolver/base.go:156.7,158.11 2 1
github.com/Doridian/foxDNS/handler/resolver/base.go:158.11,160.5 1 0
github.com/Doridian/foxDNS/handler/resolver/base.go:161.4,161.28 1 0
github.com/Doridian/foxDNS/handler/resolver/base.go:165.2,165.12 1 1
github.com/Doridian/foxDNS/handler/resolver/base.go:168.34,169.33 1 1
github.com/Doridian/foxDNS/handler/resolver/base.go:169.33,172.3 2 0
github.com/Doridian/foxDNS/handler/resolver/base.go:173.2,173.32 1 1
github.com/Doridian/foxDNS/handler/resolver/base.go:173.32,176.3 2 0
github.com/Doridian/foxDNS/handler/resolver/base.go:177.2,177.12 1 1
github.com/Doridian/foxDNS/handler/resolver/base.go:180.38,182.2 1 0
github.com/Doridian/foxDNS/handler/resolver/cache.go:85.44,87.2 1 0
github.com/Doridian/foxDNS/handler/resolver/cache.go:89.34,91.2 1 1
github.com/Doridian/foxDNS/handler/resolver/cache.go:93.39,95.2 1 1
github.com/Doridian/foxDNS/handler/resolver/cache.go:97.45,99.2 1 1
github.com/Doridian/foxDNS/handler/resolver/cache.go:101.143,105.21 3 1
github.com/Doridian/foxDNS/handler/resolver/cache.go:105.21,107.17 2 1
github.com/Doridian/foxDNS/handler/resolver/cache.go:107.17,109.4 1 1
github.com/Doridian/foxDNS/handler/resolver/cache.go:112.2,112.14 1 1
github.com/Doridian/foxDNS/handler/resolver/cache.go:112.14,114.3 1 0
github.com/Doridian/foxDNS/handler/resolver/cache.go:116.2,122.12 6 1
github.com/Doridian/foxDNS/handler/resolver/cache.go:122.12,123.21 1 0
github.com/Doridian/foxDNS/handler/resolver/cache.go:123.21,125.4 1 0
github.com/Doridian/foxDNS/handler/resolver/cache.go:127.3,130.17 3 0
github.com/Doridian/foxDNS/handler/resolver/cache.go:130.17,132.4 1 0
github.com/Doridian/foxDNS/handler/resolver/cache.go:133.8,135.3 1 1
github.com/Doridian/foxDNS/handler/resolver/cache.go:137.2,138.16 2 1
github.com/Doridian/foxDNS/handler/resolver/cache.go:138.16,140.3 1 0
github.com/Doridian/foxDNS/handler/resolver/cache.go:142.2,143.36 2 1
github.com/Doridian/foxDNS/handler/resolver/cache.go:146.36,150.37 3 0
github.com/Doridian/foxDNS/handler/resolver/cache.go:150.37,152.41 2 0
github.com/Doridian/foxDNS/handler/resolver/cache.go:152.41,154.4 1 0
github.com/Doridian/foxDNS/handler/resolver/cache.go:157.2,157.24 1 0
github.com/Doridian/foxDNS/handler/resolver/cache.go:157.24,159.3 1 0
github.com/Doridian/foxDNS/handler/resolver/cache.go:161.2,162.31 2 0
github.com/Doridian/foxDNS/handler/resolver/cache.go:162.31,164.41 2 0
github.com/Doridian/foxDNS/handler/resolver/cache.go:164.41,167.4 2 0
github.com/Doridian/foxDNS/handler/resolver/cache.go:169.2,171.39 2 0
github.com/Doridian/foxDNS/handler/resolver/cache.go:174.69,177.28 2 1
github.com/Doridian/foxDNS/handler/resolver/cache.go:177.28,179.3 1 0
github.com/Doridian/foxDNS/handler/resolver/cache.go:179.8,181.3 1 1
github.com/Doridian/foxDNS/handler/resolver/cache.go:184.70,188.32 3 1
github.com/Doridian/foxDNS/handler/resolver/cache.go:188.32,190.3 1 0
github.com/Doridian/foxDNS/handler/resolver/cache.go:190.8,190.39 1 1
github.com/Doridian/foxDNS/handler/resolver/cache.go:190.39,192.3 1 0
github.com/Doridian/foxDNS/handler/resolver/cache.go:194.2,194.28 1 1
github.com/Doridian/foxDNS/handler/resolver/cache.go:197.136,200.9 3 1
github.com/Doridian/foxDNS/handler/resolver/cache.go:200.9,202.10 2 1
github.com/Doridian/foxDNS/handler/resolver/cache.go:202.10,204.4 1 1
github.com/Doridian/foxDNS/handler/resolver/cache.go:205.3,205.57 1 0
github.com/Doridian/foxDNS/handler/resolver/cache.go:205.57,207.4 1 0
github.com/Doridian/foxDNS/handler/resolver/cache.go:210.2,212.49 3 1
github.com/Doridian/foxDNS/handler/resolver/cache.go:212.49,216.3 3 1
github.com/Doridian/foxDNS/handler/resolver/cache.go:218.2,218.25 1 1
github.com/Doridian/foxDNS/handler/resolver/cache.go:218.25,220.3 1 0
github.com/Doridian/foxDNS/handler/resolver/cache.go:222.2,224.153 2 1
github.com/Doridian/foxDNS/handler/resolver/cache.go:224.153,226.13 2 0
github.com/Doridian/foxDNS/handler/resolver/cache.go:226.13,228.4 1 0
github.com/Doridian/foxDNS/handler/resolver/cache.go:231.2,235.19 3 1
github.com/Doridian/foxDNS/handler/resolver/cache.go:235.19,236.33 1 1
github.com/Doridian/foxDNS/handler/resolver/cache.go:236.33,238.4 1 1
github.com/Doridian/foxDNS/handler/resolver/cache.go:239.3,239.29 1 1
github.com/Doridian/foxDNS/handler/resolver/cache.go:239.29,241.4 1 0
github.com/Doridian/foxDNS/handler/resolver/cache.go:244.2,244.23 1 1
github.com/Doridian/foxDNS/handler/resolver/cache.go:247.132,252.30 4 1
github.com/Doridian/foxDNS/handler/resolver/cache.go:252.30,254.37 2 1
github.com/Doridian/foxDNS/handler/resolver/cache.go:254.37,256.4 1 1
github.com/Doridian/foxDNS/handler/resolver/cache.go:259.2,259.26 1 1
github.com/Doridian/foxDNS/handler/resolver/cache.go:259.26,262.34 2 1
github.com/Doridian/foxDNS/handler/resolver/cache.go:262.34,264.4 1 1
github.com/Doridian/foxDNS/handler/resolver/cache.go:266.3,266.35 1 1
github.com/Doridian/foxDNS/handler/resolver/cache.go:266.35,268.4 1 1
github.com/Doridian/foxDNS/handler/resolver/cache.go:271.2,271.66 1 1
github.com/Doridian/foxDNS/handler/resolver/cache.go:271.66,273.3 1 1
github.com/Doridian/foxDNS/handler/resolver/cache.go:275.2,275.18 1 1
github.com/Doridian/foxDNS/handler/resolver/cache.go:275.18,276.39 1 1
github.com/Doridian/foxDNS/handler/resolver/cache.go:276.39,278.4 1 1
github.com/Doridian/foxDNS/handler/resolver/cache.go:278.9,278.25 1 0
github.com/Doridian/foxDNS/handler/resolver/cache.go:278.25,280.4 1 0
github.com/Doridian/foxDNS/handler/resolver/cache.go:280.9,282.4 1 0
github.com/Doridian/foxDNS/handler/resolver/cache.go:285.2,285.40 1 1
github.com/Doridian/foxDNS/handler/resolver/cache.go:285.40,287.3 1 0
github.com/Doridian/foxDNS/handler/resolver/cache.go:289.2,291.30 2 1
github.com/Doridian/foxDNS/handler/resolver/cache.go:291.30,293.3 1 0
github.com/Doridian/foxDNS/handler/resolver/cache.go:293.8,293.37 1 1
github.com/Doridian/foxDNS/handler/resolver/cache.go:293.37,295.3 1 0
github.com/Doridian/foxDNS/handler/resolver/cache.go:297.2,297.19 1 1
github.com/Doridian/foxDNS/handler/resolver/cache.go:297.19,299.3 1 0
github.com/Doridian/foxDNS/handler/resolver/cache.go:301.2,312.35 5 1
github.com/Doridian/foxDNS/handler/resolver/cache.go:312.35,315.3 2 1
github.com/Doridian/foxDNS/handler/resolver/cache.go:317.2,322.18 5 1
github.com/Doridian/foxDNS/handler/resolver/exchange.go:28.90,33.16 4 1
github.com/Doridian/foxDNS/handler/resolver/exchange.go:33.16,36.3 2 1
github.com/Doridian/foxDNS/handler/resolver/exchange.go:37.2,37.8 1 1
github.com/Doridian/foxDNS/handler/resolver/exchange.go:42.83,46.62 3 1
github.com/Doridian/foxDNS/handler/resolver/exchange.go:46.62,47.31 1 1
github.com/Doridian/foxDNS/handler/resolver/exchange.go:47.31,53.4 5 0
github.com/Doridian/foxDNS/handler/resolver/exchange.go:55.3,56.18 2 1
github.com/Doridian/foxDNS/handler/resolver/exchange.go:56.18,58.4 1 1
github.com/Doridian/foxDNS/handler/resolver/exchange.go:60.3,60.17 1 1
github.com/Doridian/foxDNS/handler/resolver/exchange.go:60.17,61.12 1 0
github.com/Doridian/foxDNS/handler/resolver/exchange.go:64.3,75.26 3 1
github.com/Doridian/foxDNS/handler/resolver/exchange.go:75.26,77.12 2 0
github.com/Doridian/foxDNS/handler/resolver/exchange.go:80.3,81.92 2 1
github.com/Doridian/foxDNS/handler/resolver/exchange.go:81.92,86.4 1 1
github.com/Doridian/foxDNS/handler/resolver/exchange.go:87.3,90.17 3 1
github.com/Doridian/foxDNS/handler/resolver/exchange.go:90.17,91.12 1 0
github.com/Doridian/foxDNS/handler/resolver/exchange.go:94.3,95.86 2 1
github.com/Doridian/foxDNS/handler/resolver/exchange.go:95.86,96.43 1 1
github.com/Doridian/foxDNS/handler/resolver/exchange.go:96.43,97.40 1 1
github.com/Doridian/foxDNS/handler/resolver/exchange.go:97.40,98.14 1 0
github.com/Doridian/foxDNS/handler/resolver/exchange.go:100.5,101.12 2 1
github.com/Doridian/foxDNS/handler/resolver/exchange.go:101.12,102.14 1 0
github.com/Doridian/foxDNS/handler/resolver/exchange.go:105.5,106.42 2 1
github.com/Doridian/foxDNS/handler/resolver/exchange.go:106.42,107.14 1 0
github.com/Doridian/foxDNS/handler/resolver/exchange.go:110.5,110.79 1 1
github.com/Doridian/foxDNS/handler/resolver/exchange.go:110.79,111.14 1 0
github.com/Doridian/foxDNS/handler/resolver/exchange.go:114.5,114.81 1 1
github.com/Doridian/foxDNS/handler/resolver/exchange.go:114.81,117.6 2 1
github.com/Doridian/foxDNS/handler/resolver/exchange.go:121.3,121.48 1 1
github.com/Doridian/foxDNS/handler/resolver/exchange.go:121.48,123.12 2 0
github.com/Doridian/foxDNS/handler/resolver/exchange.go:126.3,126.39 1 1
github.com/Doridian/foxDNS/handler/resolver/exchange.go:126.39,129.12 3 1
github.com/Doridian/foxDNS/handler/resolver/exchange.go:132.3,133.9 2 1
github.com/Doridian/foxDNS/handler/resolver/exchange.go:136.2,138.90 2 0
github.com/Doridian/foxDNS/handler/resolver/exchange.go:138.90,140.18 2 0
github.com/Doridian/foxDNS/handler/resolver/exchange.go:140.18,142.4 1 0
github.com/Doridian/foxDNS/handler/resolver/exchange.go:143.3,144.40 2 0
github.com/Doridian/foxDNS/handler/resolver/exchange.go:144.40,146.4 1 0
github.com/Doridian/foxDNS/handler/resolver/exchange.go:147.3,147.116 1 0
github.com/Doridian/foxDNS/handler/resolver/exchange.go:150.2,150.8 1 0
github.com/Doridian/foxDNS/handler/resolver/handler.go:10.190,14.16 3 1
github.com/Doridian/foxDNS/handler/resolver/handler.go:14.16,17.3 2 0
github.com/Doridian/foxDNS/handler/resolver/handler.go:19.2,19.23 1 1
github.com/Doridian/foxDNS/handler/resolver/handler.go:19.23,21.3 1 1
github.com/Doridian/foxDNS/handler/resolver/handler.go:23.2,27.31 5 1
github.com/Doridian/foxDNS/handler/resolver/handler.go:27.31,28.57 1 1
github.com/Doridian/foxDNS/handler/resolver/handler.go:28.57,29.44 1 1
github.com/Doridian/foxDNS/handler/resolver/handler.go:29.44,30.13 1 1
github.com/Doridian/foxDNS/handler/resolver/handler.go:33.4,34.9 2 0
github.com/Doridian/foxDNS/handler/resolver/handler.go:38.2,38.13 1 1
github.com/Doridian/foxDNS/handler/resolver/handler.go:38.13,40.29 2 0
github.com/Doridian/foxDNS/handler/resolver/handler.go:40.29,42.84 2 0
github.com/Doridian/foxDNS/handler/resolver/handler.go:42.84,43.13 1 0
github.com/Doridian/foxDNS/handler/resolver/handler.go:45.4,45.39 1 0
github.com/Doridian/foxDNS/handler/resolver/handler.go:47.3,47.22 1 0
github.com/Doridian/foxDNS/handler/resolver/handler.go:50.2,50.8 1 1
github.com/Doridian/foxDNS/handler/resolver/query_slots.go:20.33,21.19 1 0
github.com/Doridian/foxDNS/handler/resolver/query_slots.go:21.19,23.3 1 0
github.com/Doridian/foxDNS/handler/resolver/query_slots.go:24.2,24.20 1 0
github.com/Doridian/foxDNS/handler/resolver/query_slots.go:34.87,36.26 2 1
github.com/Doridian/foxDNS/handler/resolver/query_slots.go:37.26,40.38 3 1
github.com/Doridian/foxDNS/handler/resolver/query_slots.go:40.38,42.4 1 1
github.com/Doridian/foxDNS/handler/resolver/query_slots.go:43.3,43.34 1 1
github.com/Doridian/foxDNS/handler/resolver/query_slots.go:44.22,45.48 1 0
github.com/Doridian/foxDNS/handler/resolver/query_slots.go:46.24,47.52 1 0
github.com/Doridian/foxDNS/handler/resolver/query_slots.go:50.2,52.6 2 1
github.com/Doridian/foxDNS/handler/resolver/query_slots.go:52.6,54.23 2 1
github.com/Doridian/foxDNS/handler/resolver/query_slots.go:54.23,58.4 3 1
github.com/Doridian/foxDNS/handler/resolver/query_slots.go:60.3,60.57 1 1
github.com/Doridian/foxDNS/handler/resolver/query_slots.go:60.57,71.4 6 1
github.com/Doridian/foxDNS/handler/resolver/query_slots.go:73.3,73.30 1 0
github.com/Doridian/foxDNS/handler/resolver/query_slots.go:77.69,78.17 1 1
github.com/Doridian/foxDNS/handler/resolver/query_slots.go:78.17,80.3 1 0
github.com/Doridian/foxDNS/handler/resolver/query_slots.go:82.2,87.16 4 1
github.com/Doridian/foxDNS/handler/resolver/query_slots.go:87.16,90.3 2 1
github.com/Doridian/foxDNS/handler/resolver/query_slots.go:90.8,94.23 4 0
github.com/Doridian/foxDNS/handler/resolver/query_slots.go:94.23,96.4 1 0
github.com/Doridian/foxDNS/handler/resolver/query_slots.go:99.2,99.31 1 1
github.com/Doridian/foxDNS/handler/resolver/query_slots.go:102.67,108.6 4 0
github.com/Doridian/foxDNS/handler/resolver/query_slots.go:108.6,110.22 2 0
github.com/Doridian/foxDNS/handler/resolver/query_slots.go:110.22,111.9 1 0
github.com/Doridian/foxDNS/handler/resolver/query_slots.go:113.3,115.47 2 0
github.com/Doridian/foxDNS/handler/resolver/query_slots.go:115.47,121.4 5 0
github.com/Doridian/foxDNS/handler/resolver/query_slots.go:121.9,122.9 1 0
github.com/Doridian/foxDNS/handler/resolver/query_slots.go:126.2,126.17 1 0
github.com/Doridian/foxDNS/handler/resolver/query_slots.go:126.17,128.3 1 0
github.com/Doridian/foxDNS/handler/resolver/query_slots.go:131.44,132.35 1 0
github.com/Doridian/foxDNS/handler/resolver/query_slots.go:132.35,134.3 1 0
